<?xml version="1.0" encoding="utf-8"?><testsuites name="pytest tests"><testsuite name="pytest" errors="0" failures="0" skipped="0" tests="7" time="1.791" timestamp="2026-07-13T14:07:36.997177+00:00" hostname="agent-env-d32153c7-0c86-4dab-b60b-4b9c1d95f6d1"><testcase classname="backend.tests.backend_test" name="test_health" time="0.289" /><testcase classname="backend.tests.backend_test" name="test_seed_idempotent" time="0.106" /><testcase classname="backend.tests.backend_test" name="test_careers_list" time="0.296" /><testcase classname="backend.tests.backend_test" name="test_blogs_crud_and_filters" time="0.511" /><testcase classname="backend.tests.backend_test" name="test_media_crud" time="0.300" /><testcase classname="backend.tests.backend_test" name="test_profile_requests_create_and_list" time="0.095" /><testcase classname="backend.tests.backend_test" name="test_contact_submit" time="0.050" /></testsuite></testsuites>