<?xml version="1.0" encoding="utf-8"?><testsuites name="pytest tests"><testsuite name="pytest" errors="0" failures="0" skipped="0" tests="6" time="1.149" timestamp="2026-07-13T13:27:51.101893+00:00" hostname="agent-env-d32153c7-0c86-4dab-b60b-4b9c1d95f6d1"><testcase classname="backend.tests.backend_test" name="test_health" time="0.136" /><testcase classname="backend.tests.backend_test" name="test_seed_idempotent" time="0.113" /><testcase classname="backend.tests.backend_test" name="test_careers_list" time="0.047" /><testcase classname="backend.tests.backend_test" name="test_blogs_crud_and_filters" time="0.426" /><testcase classname="backend.tests.backend_test" name="test_media_crud" time="0.308" /><testcase classname="backend.tests.backend_test" name="test_contact_submit" time="0.049" /></testsuite></testsuites>